# JRE version: Java(TM) SE Runtime Environment (26.0.1+8) (build 26.0.1+8-34)
# Java VM: Java HotSpot(TM) 64-Bit Server VM (26.0.1+8-34, mixed mode, sharing, tiered, compressed oops, compressed class ptrs, g1 gc, windows-amd64)
GC Precious Log:
 CardTable entry size: 512
 Card Set container configuration: InlinePtr #cards 4 size 8 Array Of Cards #cards 16 size 48 Howl #buckets 8 coarsen threshold 3686 Howl Bitmap #cards 512 size 80 coarsen threshold 460 Card regions per heap region 1 cards per card region 4096
 CPUs: 12 total, 12 available
 Memory: 16009M
 Large Page Support: Disabled
 NUMA Support: Disabled
 Compressed Oops: Enabled (Zero based)
 Heap Region Size: 2M
 Heap Min Capacity: 8M
 Heap Initial Capacity: 8M
 Heap Max Capacity: 4004M
 Pre-touch: Disabled
 Parallel Workers: 10
 Concurrent Workers: 3
 Concurrent Refinement Workers: 10
 Periodic GC: Disabled
Heap:
 garbage-first heap   total reserved 4100096K, committed 92160K, used 40771K [0x0000000705c00000, 0x0000000800000000)
  region size 2M, 6 eden (12M), 1 survivor (2M), 12 old (24M), 3 humongous (6M), 23 free (46M)
GC Heap Usage History (20 events):
Event: 2.602 {heap Before GC invocations=10 (full 0):
 garbage-first heap   total reserved 4100096K, committed 92160K, used 62508K [0x0000000705c00000, 0x0000000800000000)
  region size 2M, 26 eden (52M), 1 survivor (2M), 6 old (12M), 0 humongous (0M), 12 free (24M)
}
Event: 2.606 {heap After GC invocations=11 (full 0):
 garbage-first heap   total reserved 4100096K, committed 92160K, used 14479K [0x0000000705c00000, 0x0000000800000000)
  region size 2M, 0 eden (0M), 2 survivor (4M), 6 old (12M), 0 humongous (0M), 37 free (74M)
}
Event: 3.822 {heap Before GC invocations=11 (full 0):
 garbage-first heap   total reserved 4100096K, committed 92160K, used 65679K [0x0000000705c00000, 0x0000000800000000)
  region size 2M, 25 eden (50M), 2 survivor (4M), 6 old (12M), 0 humongous (0M), 12 free (24M)
}
Event: 3.830 {heap After GC invocations=12 (full 0):
 garbage-first heap   total reserved 4100096K, committed 92160K, used 16242K [0x0000000705c00000, 0x0000000800000000)
  region size 2M, 0 eden (0M), 3 survivor (6M), 6 old (12M), 0 humongous (0M), 36 free (72M)
}
Event: 7.419 {heap Before GC invocations=12 (full 0):
 garbage-first heap   total reserved 4100096K, committed 92160K, used 65394K [0x0000000705c00000, 0x0000000800000000)
  region size 2M, 24 eden (48M), 3 survivor (6M), 6 old (12M), 0 humongous (0M), 12 free (24M)
}
Event: 7.429 {heap After GC invocations=13 (full 0):
 garbage-first heap   total reserved 4100096K, committed 92160K, used 16337K [0x0000000705c00000, 0x0000000800000000)
  region size 2M, 0 eden (0M), 2 survivor (4M), 8 old (16M), 0 humongous (0M), 35 free (70M)
}
Event: 10.394 {heap Before GC invocations=13 (full 0):
 garbage-first heap   total reserved 4100096K, committed 92160K, used 67537K [0x0000000705c00000, 0x0000000800000000)
  region size 2M, 25 eden (50M), 2 survivor (4M), 8 old (16M), 0 humongous (0M), 10 free (20M)
}
Event: 10.398 {heap After GC invocations=14 (full 0):
 garbage-first heap   total reserved 4100096K, committed 92160K, used 18070K [0x0000000705c00000, 0x0000000800000000)
  region size 2M, 0 eden (0M), 2 survivor (4M), 8 old (16M), 0 humongous (0M), 35 free (70M)
}
Event: 11.012 {heap Before GC invocations=14 (full 0):
 garbage-first heap   total reserved 4100096K, committed 92160K, used 67222K [0x0000000705c00000, 0x0000000800000000)
  region size 2M, 25 eden (50M), 2 survivor (4M), 8 old (16M), 0 humongous (0M), 10 free (20M)
}
Event: 11.018 {heap After GC invocations=15 (full 0):
 garbage-first heap   total reserved 4100096K, committed 92160K, used 22472K [0x0000000705c00000, 0x0000000800000000)
  region size 2M, 0 eden (0M), 4 survivor (8M), 8 old (16M), 0 humongous (0M), 33 free (66M)
}
Event: 13.482 {heap Before GC invocations=15 (full 0):
 garbage-first heap   total reserved 4100096K, committed 92160K, used 73672K [0x0000000705c00000, 0x0000000800000000)
  region size 2M, 23 eden (46M), 4 survivor (8M), 8 old (16M), 3 humongous (6M), 7 free (14M)
}
Event: 13.489 {heap After GC invocations=16 (full 0):
 garbage-first heap   total reserved 4100096K, committed 92160K, used 30845K [0x0000000705c00000, 0x0000000800000000)
  region size 2M, 0 eden (0M), 1 survivor (2M), 12 old (24M), 3 humongous (6M), 29 free (58M)
}
Event: 14.222 {heap Before GC invocations=16 (full 0):
 garbage-first heap   total reserved 4100096K, committed 92160K, used 43133K [0x0000000705c00000, 0x0000000800000000)
  region size 2M, 7 eden (14M), 1 survivor (2M), 12 old (24M), 3 humongous (6M), 22 free (44M)
}
Event: 14.227 {heap After GC invocations=17 (full 0):
 garbage-first heap   total reserved 4100096K, committed 92160K, used 30198K [0x0000000705c00000, 0x0000000800000000)
  region size 2M, 0 eden (0M), 1 survivor (2M), 12 old (24M), 3 humongous (6M), 29 free (58M)
}
Event: 17.404 {heap Before GC invocations=18 (full 0):
 garbage-first heap   total reserved 4100096K, committed 92160K, used 81398K [0x0000000705c00000, 0x0000000800000000)
  region size 2M, 25 eden (50M), 1 survivor (2M), 12 old (24M), 3 humongous (6M), 4 free (8M)
}
Event: 17.410 {heap After GC invocations=19 (full 0):
 garbage-first heap   total reserved 4100096K, committed 92160K, used 30568K [0x0000000705c00000, 0x0000000800000000)
  region size 2M, 0 eden (0M), 1 survivor (2M), 12 old (24M), 3 humongous (6M), 29 free (58M)
}
Event: 20.742 {heap Before GC invocations=19 (full 0):
 garbage-first heap   total reserved 4100096K, committed 92160K, used 83816K [0x0000000705c00000, 0x0000000800000000)
  region size 2M, 26 eden (52M), 1 survivor (2M), 12 old (24M), 3 humongous (6M), 3 free (6M)
}
Event: 20.748 {heap After GC invocations=20 (full 0):
 garbage-first heap   total reserved 4100096K, committed 92160K, used 30561K [0x0000000705c00000, 0x0000000800000000)
  region size 2M, 0 eden (0M), 1 survivor (2M), 12 old (24M), 3 humongous (6M), 29 free (58M)
}
Event: 23.783 {heap Before GC invocations=20 (full 0):
 garbage-first heap   total reserved 4100096K, committed 92160K, used 83809K [0x0000000705c00000, 0x0000000800000000)
  region size 2M, 26 eden (52M), 1 survivor (2M), 12 old (24M), 3 humongous (6M), 3 free (6M)
}
Event: 23.788 {heap After GC invocations=21 (full 0):
 garbage-first heap   total reserved 4100096K, committed 92160K, used 30531K [0x0000000705c00000, 0x0000000800000000)
  region size 2M, 0 eden (0M), 1 survivor (2M), 12 old (24M), 3 humongous (6M), 29 free (58M)
}

